# JRE version: Java(TM) SE Runtime Environment (8.0_144-b01) (build 1.8.0_144-b01)
# Java VM: Java HotSpot(TM) 64-Bit Server VM (25.144-b01 mixed mode windows-amd64 compressed oops)
Heap:
 PSYoungGen      total 38400K, used 24300K [0x00000000e1100000, 0x00000000e3e00000, 0x0000000100000000)
  eden space 34816K, 59% used [0x00000000e1100000,0x00000000e253b310,0x00000000e3300000)
  from space 3584K, 99% used [0x00000000e3700000,0x00000000e3a7ff28,0x00000000e3a80000)
  to   space 512K, 0% used [0x00000000e3d80000,0x00000000e3d80000,0x00000000e3e00000)
 ParOldGen       total 182272K, used 64536K [0x00000000a3200000, 0x00000000ae400000, 0x00000000e1100000)
  object space 182272K, 35% used [0x00000000a3200000,0x00000000a7106150,0x00000000ae400000)
 Metaspace       used 23661K, capacity 23890K, committed 24192K, reserved 1071104K
  class space    used 3089K, capacity 3177K, committed 3200K, reserved 1048576K
GC Heap History (10 events):
Event: 4.010 GC heap before
{Heap before GC invocations=6 (full 2):
 PSYoungGen      total 28160K, used 24576K [0x00000000e1100000, 0x00000000e4100000, 0x0000000100000000)
  eden space 24576K, 100% used [0x00000000e1100000,0x00000000e2900000,0x00000000e2900000)
  from space 3584K, 0% used [0x00000000e2900000,0x00000000e2900000,0x00000000e2c80000)
  to   space 3584K, 0% used [0x00000000e3d80000,0x00000000e3d80000,0x00000000e4100000)
 ParOldGen       total 137216K, used 32533K [0x00000000a3200000, 0x00000000ab800000, 0x00000000e1100000)
  object space 137216K, 23% used [0x00000000a3200000,0x00000000a51c5430,0x00000000ab800000)
 Metaspace       used 13313K, capacity 13502K, committed 13696K, reserved 1060864K
  class space    used 1731K, capacity 1841K, committed 1920K, reserved 1048576K
Event: 4.020 GC heap after
Heap after GC invocations=6 (full 2):
 PSYoungGen      total 35328K, used 128K [0x00000000e1100000, 0x00000000e3e00000, 0x0000000100000000)
  eden space 34816K, 0% used [0x00000000e1100000,0x00000000e1100000,0x00000000e3300000)
  from space 512K, 25% used [0x00000000e3d80000,0x00000000e3da0000,0x00000000e3e00000)
  to   space 3584K, 0% used [0x00000000e3700000,0x00000000e3700000,0x00000000e3a80000)
 ParOldGen       total 137216K, used 66225K [0x00000000a3200000, 0x00000000ab800000, 0x00000000e1100000)
  object space 137216K, 48% used [0x00000000a3200000,0x00000000a72ac620,0x00000000ab800000)
 Metaspace       used 13313K, capacity 13502K, committed 13696K, reserved 1060864K
  class space    used 1731K, capacity 1841K, committed 1920K, reserved 1048576K
}
Event: 17.452 GC heap before
{Heap before GC invocations=7 (full 2):
 PSYoungGen      total 35328K, used 34944K [0x00000000e1100000, 0x00000000e3e00000, 0x0000000100000000)
  eden space 34816K, 100% used [0x00000000e1100000,0x00000000e3300000,0x00000000e3300000)
  from space 512K, 25% used [0x00000000e3d80000,0x00000000e3da0000,0x00000000e3e00000)
  to   space 3584K, 0% used [0x00000000e3700000,0x00000000e3700000,0x00000000e3a80000)
 ParOldGen       total 137216K, used 66225K [0x00000000a3200000, 0x00000000ab800000, 0x00000000e1100000)
  object space 137216K, 48% used [0x00000000a3200000,0x00000000a72ac620,0x00000000ab800000)
 Metaspace       used 20442K, capacity 20684K, committed 20992K, reserved 1067008K
  class space    used 2675K, capacity 2780K, committed 2816K, reserved 1048576K
Event: 17.461 GC heap after
Heap after GC invocations=7 (full 2):
 PSYoungGen      total 38400K, used 3573K [0x00000000e1100000, 0x00000000e3e00000, 0x0000000100000000)
  eden space 34816K, 0% used [0x00000000e1100000,0x00000000e1100000,0x00000000e3300000)
  from space 3584K, 99% used [0x00000000e3700000,0x00000000e3a7d630,0x00000000e3a80000)
  to   space 512K, 0% used [0x00000000e3d80000,0x00000000e3d80000,0x00000000e3e00000)
 ParOldGen       total 137216K, used 73370K [0x00000000a3200000, 0x00000000ab800000, 0x00000000e1100000)
  object space 137216K, 53% used [0x00000000a3200000,0x00000000a79a6b50,0x00000000ab800000)
 Metaspace       used 20442K, capacity 20684K, committed 20992K, reserved 1067008K
  class space    used 2675K, capacity 2780K, committed 2816K, reserved 1048576K
}
Event: 17.863 GC heap before
{Heap before GC invocations=8 (full 2):
 PSYoungGen      total 38400K, used 13950K [0x00000000e1100000, 0x00000000e3e00000, 0x0000000100000000)
  eden space 34816K, 29% used [0x00000000e1100000,0x00000000e1b225c0,0x00000000e3300000)
  from space 3584K, 99% used [0x00000000e3700000,0x00000000e3a7d630,0x00000000e3a80000)
  to   space 512K, 0% used [0x00000000e3d80000,0x00000000e3d80000,0x00000000e3e00000)
 ParOldGen       total 137216K, used 73370K [0x00000000a3200000, 0x00000000ab800000, 0x00000000e1100000)
  object space 137216K, 53% used [0x00000000a3200000,0x00000000a79a6b50,0x00000000ab800000)
 Metaspace       used 22319K, capacity 22532K, committed 22784K, reserved 1069056K
  class space    used 2928K, capacity 3008K, committed 3072K, reserved 1048576K
Event: 17.868 GC heap after
Heap after GC invocations=8 (full 2):
 PSYoungGen      total 35328K, used 512K [0x00000000e1100000, 0x00000000e3e00000, 0x0000000100000000)
  eden space 34816K, 0% used [0x00000000e1100000,0x00000000e1100000,0x00000000e3300000)
  from space 512K, 100% used [0x00000000e3d80000,0x00000000e3e00000,0x00000000e3e00000)
  to   space 3584K, 0% used [0x00000000e3700000,0x00000000e3700000,0x00000000e3a80000)
 ParOldGen       total 137216K, used 78563K [0x00000000a3200000, 0x00000000ab800000, 0x00000000e1100000)
  object space 137216K, 57% used [0x00000000a3200000,0x00000000a7eb8e58,0x00000000ab800000)
 Metaspace       used 22319K, capacity 22532K, committed 22784K, reserved 1069056K
  class space    used 2928K, capacity 3008K, committed 3072K, reserved 1048576K
}
Event: 17.868 GC heap before
{Heap before GC invocations=9 (full 3):
 PSYoungGen      total 35328K, used 512K [0x00000000e1100000, 0x00000000e3e00000, 0x0000000100000000)
  eden space 34816K, 0% used [0x00000000e1100000,0x00000000e1100000,0x00000000e3300000)
  from space 512K, 100% used [0x00000000e3d80000,0x00000000e3e00000,0x00000000e3e00000)
  to   space 3584K, 0% used [0x00000000e3700000,0x00000000e3700000,0x00000000e3a80000)
 ParOldGen       total 137216K, used 78563K [0x00000000a3200000, 0x00000000ab800000, 0x00000000e1100000)
  object space 137216K, 57% used [0x00000000a3200000,0x00000000a7eb8e58,0x00000000ab800000)
 Metaspace       used 22319K, capacity 22532K, committed 22784K, reserved 1069056K
  class space    used 2928K, capacity 3008K, committed 3072K, reserved 1048576K
Event: 17.951 GC heap after
Heap after GC invocations=9 (full 3):
 PSYoungGen      total 35328K, used 0K [0x00000000e1100000, 0x00000000e3e00000, 0x0000000100000000)
  eden space 34816K, 0% used [0x00000000e1100000,0x00000000e1100000,0x00000000e3300000)
  from space 512K, 0% used [0x00000000e3d80000,0x00000000e3d80000,0x00000000e3e00000)
  to   space 3584K, 0% used [0x00000000e3700000,0x00000000e3700000,0x00000000e3a80000)
 ParOldGen       total 182272K, used 56837K [0x00000000a3200000, 0x00000000ae400000, 0x00000000e1100000)
  object space 182272K, 31% used [0x00000000a3200000,0x00000000a6981450,0x00000000ae400000)
 Metaspace       used 22319K, capacity 22532K, committed 22784K, reserved 1069056K
  class space    used 2928K, capacity 3008K, committed 3072K, reserved 1048576K
}
Event: 24.688 GC heap before
{Heap before GC invocations=10 (full 3):
 PSYoungGen      total 35328K, used 34816K [0x00000000e1100000, 0x00000000e3e00000, 0x0000000100000000)
  eden space 34816K, 100% used [0x00000000e1100000,0x00000000e3300000,0x00000000e3300000)
  from space 512K, 0% used [0x00000000e3d80000,0x00000000e3d80000,0x00000000e3e00000)
  to   space 3584K, 0% used [0x00000000e3700000,0x00000000e3700000,0x00000000e3a80000)
 ParOldGen       total 182272K, used 56837K [0x00000000a3200000, 0x00000000ae400000, 0x00000000e1100000)
  object space 182272K, 31% used [0x00000000a3200000,0x00000000a6981450,0x00000000ae400000)
 Metaspace       used 23648K, capacity 23890K, committed 24192K, reserved 1071104K
  class space    used 3089K, capacity 3177K, committed 3200K, reserved 1048576K
Event: 24.712 GC heap after
Heap after GC invocations=10 (full 3):
 PSYoungGen      total 38400K, used 3583K [0x00000000e1100000, 0x00000000e3e00000, 0x0000000100000000)
  eden space 34816K, 0% used [0x00000000e1100000,0x00000000e1100000,0x00000000e3300000)
  from space 3584K, 99% used [0x00000000e3700000,0x00000000e3a7ff28,0x00000000e3a80000)
  to   space 512K, 0% used [0x00000000e3d80000,0x00000000e3d80000,0x00000000e3e00000)
 ParOldGen       total 182272K, used 64536K [0x00000000a3200000, 0x00000000ae400000, 0x00000000e1100000)
  object space 182272K, 35% used [0x00000000a3200000,0x00000000a7106150,0x00000000ae400000)
 Metaspace       used 23648K, capacity 23890K, committed 24192K, reserved 1071104K
  class space    used 3089K, capacity 3177K, committed 3200K, reserved 1048576K
}

