# JRE version: Java(TM) SE Runtime Environment (8.0_144-b01) (build 1.8.0_144-b01)
# Java VM: Java HotSpot(TM) 64-Bit Server VM (25.144-b01 mixed mode windows-amd64 compressed oops)
Heap:
 PSYoungGen      total 89600K, used 76631K [0x00000000e1100000, 0x00000000e8280000, 0x0000000100000000)
  eden space 74240K, 82% used [0x00000000e1100000,0x00000000e4d259e8,0x00000000e5980000)
  from space 15360K, 97% used [0x00000000e5b00000,0x00000000e69b0420,0x00000000e6a00000)
  to   space 20992K, 0% used [0x00000000e6e00000,0x00000000e6e00000,0x00000000e8280000)
 ParOldGen       total 175104K, used 66843K [0x00000000a3200000, 0x00000000add00000, 0x00000000e1100000)
  object space 175104K, 38% used [0x00000000a3200000,0x00000000a7346c38,0x00000000add00000)
 Metaspace       used 23668K, capacity 23942K, committed 24320K, reserved 1071104K
  class space    used 2958K, capacity 3055K, committed 3072K, reserved 1048576K
GC Heap History (10 events):
Event: 1202.775 GC heap before
{Heap before GC invocations=32 (full 3):
 PSYoungGen      total 103936K, used 99933K [0x00000000e1100000, 0x00000000e8e80000, 0x0000000100000000)
  eden space 83456K, 100% used [0x00000000e1100000,0x00000000e6280000,0x00000000e6280000)
  from space 20480K, 80% used [0x00000000e7a80000,0x00000000e8a97668,0x00000000e8e80000)
  to   space 22528K, 0% used [0x00000000e6280000,0x00000000e6280000,0x00000000e7880000)
 ParOldGen       total 175104K, used 66779K [0x00000000a3200000, 0x00000000add00000, 0x00000000e1100000)
  object space 175104K, 38% used [0x00000000a3200000,0x00000000a7336c38,0x00000000add00000)
 Metaspace       used 23609K, capacity 23878K, committed 24064K, reserved 1071104K
  class space    used 2958K, capacity 3055K, committed 3072K, reserved 1048576K
Event: 1202.791 GC heap after
Heap after GC invocations=32 (full 3):
 PSYoungGen      total 98304K, used 16669K [0x00000000e1100000, 0x00000000e8d80000, 0x0000000100000000)
  eden space 81408K, 0% used [0x00000000e1100000,0x00000000e1100000,0x00000000e6080000)
  from space 16896K, 98% used [0x00000000e6280000,0x00000000e72c76a0,0x00000000e7300000)
  to   space 23040K, 0% used [0x00000000e7700000,0x00000000e7700000,0x00000000e8d80000)
 ParOldGen       total 175104K, used 66795K [0x00000000a3200000, 0x00000000add00000, 0x00000000e1100000)
  object space 175104K, 38% used [0x00000000a3200000,0x00000000a733ac38,0x00000000add00000)
 Metaspace       used 23609K, capacity 23878K, committed 24064K, reserved 1071104K
  class space    used 2958K, capacity 3055K, committed 3072K, reserved 1048576K
}
Event: 1271.496 GC heap before
{Heap before GC invocations=33 (full 3):
 PSYoungGen      total 98304K, used 98077K [0x00000000e1100000, 0x00000000e8d80000, 0x0000000100000000)
  eden space 81408K, 100% used [0x00000000e1100000,0x00000000e6080000,0x00000000e6080000)
  from space 16896K, 98% used [0x00000000e6280000,0x00000000e72c76a0,0x00000000e7300000)
  to   space 23040K, 0% used [0x00000000e7700000,0x00000000e7700000,0x00000000e8d80000)
 ParOldGen       total 175104K, used 66795K [0x00000000a3200000, 0x00000000add00000, 0x00000000e1100000)
  object space 175104K, 38% used [0x00000000a3200000,0x00000000a733ac38,0x00000000add00000)
 Metaspace       used 23614K, capacity 23878K, committed 24064K, reserved 1071104K
  class space    used 2958K, capacity 3055K, committed 3072K, reserved 1048576K
Event: 1271.509 GC heap after
Heap after GC invocations=33 (full 3):
 PSYoungGen      total 98304K, used 13293K [0x00000000e1100000, 0x00000000e8980000, 0x0000000100000000)
  eden space 79360K, 0% used [0x00000000e1100000,0x00000000e1100000,0x00000000e5e80000)
  from space 18944K, 70% used [0x00000000e7700000,0x00000000e83fb658,0x00000000e8980000)
  to   space 22016K, 0% used [0x00000000e5e80000,0x00000000e5e80000,0x00000000e7400000)
 ParOldGen       total 175104K, used 66811K [0x00000000a3200000, 0x00000000add00000, 0x00000000e1100000)
  object space 175104K, 38% used [0x00000000a3200000,0x00000000a733ec38,0x00000000add00000)
 Metaspace       used 23614K, capacity 23878K, committed 24064K, reserved 1071104K
  class space    used 2958K, capacity 3055K, committed 3072K, reserved 1048576K
}
Event: 1301.564 GC heap before
{Heap before GC invocations=34 (full 3):
 PSYoungGen      total 98304K, used 92653K [0x00000000e1100000, 0x00000000e8980000, 0x0000000100000000)
  eden space 79360K, 100% used [0x00000000e1100000,0x00000000e5e80000,0x00000000e5e80000)
  from space 18944K, 70% used [0x00000000e7700000,0x00000000e83fb658,0x00000000e8980000)
  to   space 22016K, 0% used [0x00000000e5e80000,0x00000000e5e80000,0x00000000e7400000)
 ParOldGen       total 175104K, used 66811K [0x00000000a3200000, 0x00000000add00000, 0x00000000e1100000)
  object space 175104K, 38% used [0x00000000a3200000,0x00000000a733ec38,0x00000000add00000)
 Metaspace       used 23628K, capacity 23942K, committed 24320K, reserved 1071104K
  class space    used 2958K, capacity 3055K, committed 3072K, reserved 1048576K
Event: 1301.576 GC heap after
Heap after GC invocations=34 (full 3):
 PSYoungGen      total 88576K, used 11229K [0x00000000e1100000, 0x00000000e8780000, 0x0000000100000000)
  eden space 77312K, 0% used [0x00000000e1100000,0x00000000e1100000,0x00000000e5c80000)
  from space 11264K, 99% used [0x00000000e5e80000,0x00000000e6977668,0x00000000e6980000)
  to   space 22016K, 0% used [0x00000000e7200000,0x00000000e7200000,0x00000000e8780000)
 ParOldGen       total 175104K, used 66819K [0x00000000a3200000, 0x00000000add00000, 0x00000000e1100000)
  object space 175104K, 38% used [0x00000000a3200000,0x00000000a7340c38,0x00000000add00000)
 Metaspace       used 23628K, capacity 23942K, committed 24320K, reserved 1071104K
  class space    used 2958K, capacity 3055K, committed 3072K, reserved 1048576K
}
Event: 1344.449 GC heap before
{Heap before GC invocations=35 (full 3):
 PSYoungGen      total 88576K, used 88541K [0x00000000e1100000, 0x00000000e8780000, 0x0000000100000000)
  eden space 77312K, 100% used [0x00000000e1100000,0x00000000e5c80000,0x00000000e5c80000)
  from space 11264K, 99% used [0x00000000e5e80000,0x00000000e6977668,0x00000000e6980000)
  to   space 22016K, 0% used [0x00000000e7200000,0x00000000e7200000,0x00000000e8780000)
 ParOldGen       total 175104K, used 66819K [0x00000000a3200000, 0x00000000add00000, 0x00000000e1100000)
  object space 175104K, 38% used [0x00000000a3200000,0x00000000a7340c38,0x00000000add00000)
 Metaspace       used 23661K, capacity 23942K, committed 24320K, reserved 1071104K
  class space    used 2958K, capacity 3055K, committed 3072K, reserved 1048576K
Event: 1344.461 GC heap after
Heap after GC invocations=35 (full 3):
 PSYoungGen      total 94208K, used 13309K [0x00000000e1100000, 0x00000000e8400000, 0x0000000100000000)
  eden space 75776K, 0% used [0x00000000e1100000,0x00000000e1100000,0x00000000e5b00000)
  from space 18432K, 72% used [0x00000000e7200000,0x00000000e7eff668,0x00000000e8400000)
  to   space 20992K, 0% used [0x00000000e5b00000,0x00000000e5b00000,0x00000000e6f80000)
 ParOldGen       total 175104K, used 66835K [0x00000000a3200000, 0x00000000add00000, 0x00000000e1100000)
  object space 175104K, 38% used [0x00000000a3200000,0x00000000a7344c38,0x00000000add00000)
 Metaspace       used 23661K, capacity 23942K, committed 24320K, reserved 1071104K
  class space    used 2958K, capacity 3055K, committed 3072K, reserved 1048576K
}
Event: 1381.485 GC heap before
{Heap before GC invocations=36 (full 3):
 PSYoungGen      total 94208K, used 89085K [0x00000000e1100000, 0x00000000e8400000, 0x0000000100000000)
  eden space 75776K, 100% used [0x00000000e1100000,0x00000000e5b00000,0x00000000e5b00000)
  from space 18432K, 72% used [0x00000000e7200000,0x00000000e7eff668,0x00000000e8400000)
  to   space 20992K, 0% used [0x00000000e5b00000,0x00000000e5b00000,0x00000000e6f80000)
 ParOldGen       total 175104K, used 66835K [0x00000000a3200000, 0x00000000add00000, 0x00000000e1100000)
  object space 175104K, 38% used [0x00000000a3200000,0x00000000a7344c38,0x00000000add00000)
 Metaspace       used 23667K, capacity 23942K, committed 24320K, reserved 1071104K
  class space    used 2958K, capacity 3055K, committed 3072K, reserved 1048576K
Event: 1381.497 GC heap after
Heap after GC invocations=36 (full 3):
 PSYoungGen      total 89600K, used 15041K [0x00000000e1100000, 0x00000000e8280000, 0x0000000100000000)
  eden space 74240K, 0% used [0x00000000e1100000,0x00000000e1100000,0x00000000e5980000)
  from space 15360K, 97% used [0x00000000e5b00000,0x00000000e69b0420,0x00000000e6a00000)
  to   space 20992K, 0% used [0x00000000e6e00000,0x00000000e6e00000,0x00000000e8280000)
 ParOldGen       total 175104K, used 66843K [0x00000000a3200000, 0x00000000add00000, 0x00000000e1100000)
  object space 175104K, 38% used [0x00000000a3200000,0x00000000a7346c38,0x00000000add00000)
 Metaspace       used 23667K, capacity 23942K, committed 24320K, reserved 1071104K
  class space    used 2958K, capacity 3055K, committed 3072K, reserved 1048576K
}

